::1 - - [24/Mar/2020:14:33:09 +0000] "GET / HTTP/1.1" 304 - "-" "Mozilla/5.0 (Windows NT 10.0; Win64; x64) AppleWebKit/537.36 (KHTML, like Gecko) Chrome/80.0.3987.149 Safari/537.36"
::1 - - [24/Mar/2020:14:33:09 +0000] "GET /css/main.css HTTP/1.1" 304 - "http://localhost:3030/" "Mozilla/5.0 (Windows NT 10.0; Win64; x64) AppleWebKit/537.36 (KHTML, like Gecko) Chrome/80.0.3987.149 Safari/537.36"
::1 - - [24/Mar/2020:14:33:09 +0000] "GET /css/product.css HTTP/1.1" 304 - "http://localhost:3030/" "Mozilla/5.0 (Windows NT 10.0; Win64; x64) AppleWebKit/537.36 (KHTML, like Gecko) Chrome/80.0.3987.149 Safari/537.36"
::1 - - [24/Mar/2020:14:33:09 +0000] "GET /js/main.js HTTP/1.1" 304 - "http://localhost:3030/" "Mozilla/5.0 (Windows NT 10.0; Win64; x64) AppleWebKit/537.36 (KHTML, like Gecko) Chrome/80.0.3987.149 Safari/537.36"
::1 - - [24/Mar/2020:14:33:09 +0000] "GET /images/function%20toISOString()%20%7B%20[native%20code]%20%7D-2018-10-04T13_17_04.751Z-boat.png HTTP/1.1" 304 - "http://localhost:3030/" "Mozilla/5.0 (Windows NT 10.0; Win64; x64) AppleWebKit/537.36 (KHTML, like Gecko) Chrome/80.0.3987.149 Safari/537.36"
::1 - - [24/Mar/2020:14:33:09 +0000] "GET /images/function%20toISOString()%20%7B%20[native%20code]%20%7D-2018-10-04T13_18_52.562Z-cup.jpg HTTP/1.1" 304 - "http://localhost:3030/" "Mozilla/5.0 (Windows NT 10.0; Win64; x64) AppleWebKit/537.36 (KHTML, like Gecko) Chrome/80.0.3987.149 Safari/537.36"
::1 - - [24/Mar/2020:16:42:24 +0000] "GET / HTTP/1.1" 304 - "-" "Mozilla/5.0 (Windows NT 10.0; Win64; x64) AppleWebKit/537.36 (KHTML, like Gecko) Chrome/80.0.3987.149 Safari/537.36"
::1 - - [24/Mar/2020:16:42:24 +0000] "GET /css/main.css HTTP/1.1" 304 - "http://localhost:3030/" "Mozilla/5.0 (Windows NT 10.0; Win64; x64) AppleWebKit/537.36 (KHTML, like Gecko) Chrome/80.0.3987.149 Safari/537.36"
::1 - - [24/Mar/2020:16:42:24 +0000] "GET /css/product.css HTTP/1.1" 304 - "http://localhost:3030/" "Mozilla/5.0 (Windows NT 10.0; Win64; x64) AppleWebKit/537.36 (KHTML, like Gecko) Chrome/80.0.3987.149 Safari/537.36"
::1 - - [24/Mar/2020:16:42:24 +0000] "GET /js/main.js HTTP/1.1" 304 - "http://localhost:3030/" "Mozilla/5.0 (Windows NT 10.0; Win64; x64) AppleWebKit/537.36 (KHTML, like Gecko) Chrome/80.0.3987.149 Safari/537.36"
::1 - - [24/Mar/2020:16:42:24 +0000] "GET /images/function%20toISOString()%20%7B%20[native%20code]%20%7D-2018-10-04T13_17_04.751Z-boat.png HTTP/1.1" 304 - "http://localhost:3030/" "Mozilla/5.0 (Windows NT 10.0; Win64; x64) AppleWebKit/537.36 (KHTML, like Gecko) Chrome/80.0.3987.149 Safari/537.36"
::1 - - [24/Mar/2020:16:42:24 +0000] "GET /images/function%20toISOString()%20%7B%20[native%20code]%20%7D-2018-10-04T13_18_52.562Z-cup.jpg HTTP/1.1" 304 - "http://localhost:3030/" "Mozilla/5.0 (Windows NT 10.0; Win64; x64) AppleWebKit/537.36 (KHTML, like Gecko) Chrome/80.0.3987.149 Safari/537.36"
::1 - - [24/Mar/2020:16:42:24 +0000] "GET /favicon.ico HTTP/1.1" 404 - "http://localhost:3030/" "Mozilla/5.0 (Windows NT 10.0; Win64; x64) AppleWebKit/537.36 (KHTML, like Gecko) Chrome/80.0.3987.149 Safari/537.36"
::1 - - [24/Mar/2020:16:42:26 +0000] "GET /login HTTP/1.1" 200 - "http://localhost:3030/" "Mozilla/5.0 (Windows NT 10.0; Win64; x64) AppleWebKit/537.36 (KHTML, like Gecko) Chrome/80.0.3987.149 Safari/537.36"
::1 - - [24/Mar/2020:16:42:26 +0000] "GET /css/main.css HTTP/1.1" 304 - "http://localhost:3030/login" "Mozilla/5.0 (Windows NT 10.0; Win64; x64) AppleWebKit/537.36 (KHTML, like Gecko) Chrome/80.0.3987.149 Safari/537.36"
::1 - - [24/Mar/2020:16:42:26 +0000] "GET /css/forms.css HTTP/1.1" 304 - "http://localhost:3030/login" "Mozilla/5.0 (Windows NT 10.0; Win64; x64) AppleWebKit/537.36 (KHTML, like Gecko) Chrome/80.0.3987.149 Safari/537.36"
::1 - - [24/Mar/2020:16:42:26 +0000] "GET /css/auth.css HTTP/1.1" 304 - "http://localhost:3030/login" "Mozilla/5.0 (Windows NT 10.0; Win64; x64) AppleWebKit/537.36 (KHTML, like Gecko) Chrome/80.0.3987.149 Safari/537.36"
::1 - - [24/Mar/2020:16:42:26 +0000] "GET /js/main.js HTTP/1.1" 304 - "http://localhost:3030/login" "Mozilla/5.0 (Windows NT 10.0; Win64; x64) AppleWebKit/537.36 (KHTML, like Gecko) Chrome/80.0.3987.149 Safari/537.36"
::1 - - [24/Mar/2020:16:42:35 +0000] "POST /login HTTP/1.1" 302 46 "http://localhost:3030/login" "Mozilla/5.0 (Windows NT 10.0; Win64; x64) AppleWebKit/537.36 (KHTML, like Gecko) Chrome/80.0.3987.149 Safari/537.36"
::1 - - [24/Mar/2020:16:42:35 +0000] "GET / HTTP/1.1" 200 - "http://localhost:3030/login" "Mozilla/5.0 (Windows NT 10.0; Win64; x64) AppleWebKit/537.36 (KHTML, like Gecko) Chrome/80.0.3987.149 Safari/537.36"
::1 - - [24/Mar/2020:16:42:35 +0000] "GET /css/main.css HTTP/1.1" 304 - "http://localhost:3030/" "Mozilla/5.0 (Windows NT 10.0; Win64; x64) AppleWebKit/537.36 (KHTML, like Gecko) Chrome/80.0.3987.149 Safari/537.36"
::1 - - [24/Mar/2020:16:42:35 +0000] "GET /css/product.css HTTP/1.1" 304 - "http://localhost:3030/" "Mozilla/5.0 (Windows NT 10.0; Win64; x64) AppleWebKit/537.36 (KHTML, like Gecko) Chrome/80.0.3987.149 Safari/537.36"
::1 - - [24/Mar/2020:16:42:35 +0000] "GET /images/function%20toISOString()%20%7B%20[native%20code]%20%7D-2018-10-04T13_17_04.751Z-boat.png HTTP/1.1" 304 - "http://localhost:3030/" "Mozilla/5.0 (Windows NT 10.0; Win64; x64) AppleWebKit/537.36 (KHTML, like Gecko) Chrome/80.0.3987.149 Safari/537.36"
::1 - - [24/Mar/2020:16:42:35 +0000] "GET /images/function%20toISOString()%20%7B%20[native%20code]%20%7D-2018-10-04T13_18_52.562Z-cup.jpg HTTP/1.1" 304 - "http://localhost:3030/" "Mozilla/5.0 (Windows NT 10.0; Win64; x64) AppleWebKit/537.36 (KHTML, like Gecko) Chrome/80.0.3987.149 Safari/537.36"
::1 - - [24/Mar/2020:16:42:35 +0000] "GET /js/main.js HTTP/1.1" 304 - "http://localhost:3030/" "Mozilla/5.0 (Windows NT 10.0; Win64; x64) AppleWebKit/537.36 (KHTML, like Gecko) Chrome/80.0.3987.149 Safari/537.36"
::1 - - [24/Mar/2020:16:42:38 +0000] "GET /admin/products HTTP/1.1" 200 - "http://localhost:3030/" "Mozilla/5.0 (Windows NT 10.0; Win64; x64) AppleWebKit/537.36 (KHTML, like Gecko) Chrome/80.0.3987.149 Safari/537.36"
::1 - - [24/Mar/2020:16:42:38 +0000] "GET /css/main.css HTTP/1.1" 304 - "http://localhost:3030/admin/products" "Mozilla/5.0 (Windows NT 10.0; Win64; x64) AppleWebKit/537.36 (KHTML, like Gecko) Chrome/80.0.3987.149 Safari/537.36"
::1 - - [24/Mar/2020:16:42:38 +0000] "GET /css/product.css HTTP/1.1" 304 - "http://localhost:3030/admin/products" "Mozilla/5.0 (Windows NT 10.0; Win64; x64) AppleWebKit/537.36 (KHTML, like Gecko) Chrome/80.0.3987.149 Safari/537.36"
::1 - - [24/Mar/2020:16:42:38 +0000] "GET /js/main.js HTTP/1.1" 304 - "http://localhost:3030/admin/products" "Mozilla/5.0 (Windows NT 10.0; Win64; x64) AppleWebKit/537.36 (KHTML, like Gecko) Chrome/80.0.3987.149 Safari/537.36"
::1 - - [24/Mar/2020:16:42:38 +0000] "GET /js/admin.js HTTP/1.1" 200 627 "http://localhost:3030/admin/products" "Mozilla/5.0 (Windows NT 10.0; Win64; x64) AppleWebKit/537.36 (KHTML, like Gecko) Chrome/80.0.3987.149 Safari/537.36"
::1 - - [24/Mar/2020:16:42:39 +0000] "GET /admin/add-product HTTP/1.1" 200 - "http://localhost:3030/admin/products" "Mozilla/5.0 (Windows NT 10.0; Win64; x64) AppleWebKit/537.36 (KHTML, like Gecko) Chrome/80.0.3987.149 Safari/537.36"
::1 - - [24/Mar/2020:16:42:39 +0000] "GET /css/main.css HTTP/1.1" 304 - "http://localhost:3030/admin/add-product" "Mozilla/5.0 (Windows NT 10.0; Win64; x64) AppleWebKit/537.36 (KHTML, like Gecko) Chrome/80.0.3987.149 Safari/537.36"
::1 - - [24/Mar/2020:16:42:39 +0000] "GET /css/forms.css HTTP/1.1" 304 - "http://localhost:3030/admin/add-product" "Mozilla/5.0 (Windows NT 10.0; Win64; x64) AppleWebKit/537.36 (KHTML, like Gecko) Chrome/80.0.3987.149 Safari/537.36"
::1 - - [24/Mar/2020:16:42:39 +0000] "GET /css/product.css HTTP/1.1" 304 - "http://localhost:3030/admin/add-product" "Mozilla/5.0 (Windows NT 10.0; Win64; x64) AppleWebKit/537.36 (KHTML, like Gecko) Chrome/80.0.3987.149 Safari/537.36"
::1 - - [24/Mar/2020:16:42:39 +0000] "GET /js/main.js HTTP/1.1" 304 - "http://localhost:3030/admin/add-product" "Mozilla/5.0 (Windows NT 10.0; Win64; x64) AppleWebKit/537.36 (KHTML, like Gecko) Chrome/80.0.3987.149 Safari/537.36"
::1 - - [24/Mar/2020:16:42:46 +0000] "POST /admin/add-product HTTP/1.1" 302 74 "http://localhost:3030/admin/add-product" "Mozilla/5.0 (Windows NT 10.0; Win64; x64) AppleWebKit/537.36 (KHTML, like Gecko) Chrome/80.0.3987.149 Safari/537.36"
::1 - - [24/Mar/2020:16:42:46 +0000] "GET /admin/products HTTP/1.1" 200 - "http://localhost:3030/admin/add-product" "Mozilla/5.0 (Windows NT 10.0; Win64; x64) AppleWebKit/537.36 (KHTML, like Gecko) Chrome/80.0.3987.149 Safari/537.36"
::1 - - [24/Mar/2020:16:42:46 +0000] "GET /css/main.css HTTP/1.1" 304 - "http://localhost:3030/admin/products" "Mozilla/5.0 (Windows NT 10.0; Win64; x64) AppleWebKit/537.36 (KHTML, like Gecko) Chrome/80.0.3987.149 Safari/537.36"
::1 - - [24/Mar/2020:16:42:46 +0000] "GET /css/product.css HTTP/1.1" 304 - "http://localhost:3030/admin/products" "Mozilla/5.0 (Windows NT 10.0; Win64; x64) AppleWebKit/537.36 (KHTML, like Gecko) Chrome/80.0.3987.149 Safari/537.36"
::1 - - [24/Mar/2020:16:42:46 +0000] "GET /js/main.js HTTP/1.1" 304 - "http://localhost:3030/admin/products" "Mozilla/5.0 (Windows NT 10.0; Win64; x64) AppleWebKit/537.36 (KHTML, like Gecko) Chrome/80.0.3987.149 Safari/537.36"
::1 - - [24/Mar/2020:16:42:46 +0000] "GET /js/admin.js HTTP/1.1" 304 - "http://localhost:3030/admin/products" "Mozilla/5.0 (Windows NT 10.0; Win64; x64) AppleWebKit/537.36 (KHTML, like Gecko) Chrome/80.0.3987.149 Safari/537.36"
::1 - - [24/Mar/2020:16:42:46 +0000] "GET /images/function%20toISOString()%20%7B%20[native%20code]%20%7D-2018-10-04T08_41_07.691Z-boat.png HTTP/1.1" 200 519694 "http://localhost:3030/admin/products" "Mozilla/5.0 (Windows NT 10.0; Win64; x64) AppleWebKit/537.36 (KHTML, like Gecko) Chrome/80.0.3987.149 Safari/537.36"
::1 - - [24/Mar/2020:16:42:48 +0000] "DELETE /admin/product/5e7a3886aa158133284e8d64 HTTP/1.1" 200 23 "http://localhost:3030/admin/products" "Mozilla/5.0 (Windows NT 10.0; Win64; x64) AppleWebKit/537.36 (KHTML, like Gecko) Chrome/80.0.3987.149 Safari/537.36"
::1 - - [24/Mar/2020:16:42:50 +0000] "GET /cart HTTP/1.1" 200 - "http://localhost:3030/admin/products" "Mozilla/5.0 (Windows NT 10.0; Win64; x64) AppleWebKit/537.36 (KHTML, like Gecko) Chrome/80.0.3987.149 Safari/537.36"
::1 - - [24/Mar/2020:16:42:50 +0000] "GET /css/main.css HTTP/1.1" 304 - "http://localhost:3030/cart" "Mozilla/5.0 (Windows NT 10.0; Win64; x64) AppleWebKit/537.36 (KHTML, like Gecko) Chrome/80.0.3987.149 Safari/537.36"
::1 - - [24/Mar/2020:16:42:50 +0000] "GET /css/product.css HTTP/1.1" 304 - "http://localhost:3030/cart" "Mozilla/5.0 (Windows NT 10.0; Win64; x64) AppleWebKit/537.36 (KHTML, like Gecko) Chrome/80.0.3987.149 Safari/537.36"
::1 - - [24/Mar/2020:16:42:50 +0000] "GET /js/main.js HTTP/1.1" 304 - "http://localhost:3030/cart" "Mozilla/5.0 (Windows NT 10.0; Win64; x64) AppleWebKit/537.36 (KHTML, like Gecko) Chrome/80.0.3987.149 Safari/537.36"
::1 - - [24/Mar/2020:16:42:50 +0000] "GET /css/cart.css HTTP/1.1" 200 387 "http://localhost:3030/cart" "Mozilla/5.0 (Windows NT 10.0; Win64; x64) AppleWebKit/537.36 (KHTML, like Gecko) Chrome/80.0.3987.149 Safari/537.36"
::1 - - [24/Mar/2020:16:42:50 +0000] "GET /css/form.css HTTP/1.1" 404 - "http://localhost:3030/cart" "Mozilla/5.0 (Windows NT 10.0; Win64; x64) AppleWebKit/537.36 (KHTML, like Gecko) Chrome/80.0.3987.149 Safari/537.36"
::1 - - [24/Mar/2020:16:42:51 +0000] "GET /products HTTP/1.1" 200 - "http://localhost:3030/cart" "Mozilla/5.0 (Windows NT 10.0; Win64; x64) AppleWebKit/537.36 (KHTML, like Gecko) Chrome/80.0.3987.149 Safari/537.36"
::1 - - [24/Mar/2020:16:42:51 +0000] "GET /css/main.css HTTP/1.1" 304 - "http://localhost:3030/products" "Mozilla/5.0 (Windows NT 10.0; Win64; x64) AppleWebKit/537.36 (KHTML, like Gecko) Chrome/80.0.3987.149 Safari/537.36"
::1 - - [24/Mar/2020:16:42:51 +0000] "GET /css/product.css HTTP/1.1" 304 - "http://localhost:3030/products" "Mozilla/5.0 (Windows NT 10.0; Win64; x64) AppleWebKit/537.36 (KHTML, like Gecko) Chrome/80.0.3987.149 Safari/537.36"
::1 - - [24/Mar/2020:16:42:51 +0000] "GET /images/function%20toISOString()%20%7B%20[native%20code]%20%7D-2018-10-04T13_17_04.751Z-boat.png HTTP/1.1" 304 - "http://localhost:3030/products" "Mozilla/5.0 (Windows NT 10.0; Win64; x64) AppleWebKit/537.36 (KHTML, like Gecko) Chrome/80.0.3987.149 Safari/537.36"
::1 - - [24/Mar/2020:16:42:51 +0000] "GET /images/function%20toISOString()%20%7B%20[native%20code]%20%7D-2018-10-04T13_18_52.562Z-cup.jpg HTTP/1.1" 304 - "http://localhost:3030/products" "Mozilla/5.0 (Windows NT 10.0; Win64; x64) AppleWebKit/537.36 (KHTML, like Gecko) Chrome/80.0.3987.149 Safari/537.36"
::1 - - [24/Mar/2020:16:42:51 +0000] "GET /js/main.js HTTP/1.1" 304 - "http://localhost:3030/products" "Mozilla/5.0 (Windows NT 10.0; Win64; x64) AppleWebKit/537.36 (KHTML, like Gecko) Chrome/80.0.3987.149 Safari/537.36"
::1 - - [24/Mar/2020:16:42:53 +0000] "POST /cart HTTP/1.1" 302 54 "http://localhost:3030/products" "Mozilla/5.0 (Windows NT 10.0; Win64; x64) AppleWebKit/537.36 (KHTML, like Gecko) Chrome/80.0.3987.149 Safari/537.36"
::1 - - [24/Mar/2020:16:42:53 +0000] "GET /cart HTTP/1.1" 200 - "http://localhost:3030/products" "Mozilla/5.0 (Windows NT 10.0; Win64; x64) AppleWebKit/537.36 (KHTML, like Gecko) Chrome/80.0.3987.149 Safari/537.36"
::1 - - [24/Mar/2020:16:42:53 +0000] "GET /css/main.css HTTP/1.1" 304 - "http://localhost:3030/cart" "Mozilla/5.0 (Windows NT 10.0; Win64; x64) AppleWebKit/537.36 (KHTML, like Gecko) Chrome/80.0.3987.149 Safari/537.36"
::1 - - [24/Mar/2020:16:42:53 +0000] "GET /css/cart.css HTTP/1.1" 304 - "http://localhost:3030/cart" "Mozilla/5.0 (Windows NT 10.0; Win64; x64) AppleWebKit/537.36 (KHTML, like Gecko) Chrome/80.0.3987.149 Safari/537.36"
::1 - - [24/Mar/2020:16:42:53 +0000] "GET /css/product.css HTTP/1.1" 304 - "http://localhost:3030/cart" "Mozilla/5.0 (Windows NT 10.0; Win64; x64) AppleWebKit/537.36 (KHTML, like Gecko) Chrome/80.0.3987.149 Safari/537.36"
::1 - - [24/Mar/2020:16:42:53 +0000] "GET /js/main.js HTTP/1.1" 304 - "http://localhost:3030/cart" "Mozilla/5.0 (Windows NT 10.0; Win64; x64) AppleWebKit/537.36 (KHTML, like Gecko) Chrome/80.0.3987.149 Safari/537.36"
::1 - - [24/Mar/2020:16:42:53 +0000] "GET /css/form.css HTTP/1.1" 404 - "http://localhost:3030/cart" "Mozilla/5.0 (Windows NT 10.0; Win64; x64) AppleWebKit/537.36 (KHTML, like Gecko) Chrome/80.0.3987.149 Safari/537.36"
::1 - - [24/Mar/2020:16:42:55 +0000] "POST /cart-delete-item HTTP/1.1" 302 54 "http://localhost:3030/cart" "Mozilla/5.0 (Windows NT 10.0; Win64; x64) AppleWebKit/537.36 (KHTML, like Gecko) Chrome/80.0.3987.149 Safari/537.36"
::1 - - [24/Mar/2020:16:42:55 +0000] "GET /cart HTTP/1.1" 200 - "http://localhost:3030/cart" "Mozilla/5.0 (Windows NT 10.0; Win64; x64) AppleWebKit/537.36 (KHTML, like Gecko) Chrome/80.0.3987.149 Safari/537.36"
::1 - - [24/Mar/2020:16:42:55 +0000] "GET /css/main.css HTTP/1.1" 304 - "http://localhost:3030/cart" "Mozilla/5.0 (Windows NT 10.0; Win64; x64) AppleWebKit/537.36 (KHTML, like Gecko) Chrome/80.0.3987.149 Safari/537.36"
::1 - - [24/Mar/2020:16:42:55 +0000] "GET /css/cart.css HTTP/1.1" 304 - "http://localhost:3030/cart" "Mozilla/5.0 (Windows NT 10.0; Win64; x64) AppleWebKit/537.36 (KHTML, like Gecko) Chrome/80.0.3987.149 Safari/537.36"
::1 - - [24/Mar/2020:16:42:55 +0000] "GET /css/product.css HTTP/1.1" 304 - "http://localhost:3030/cart" "Mozilla/5.0 (Windows NT 10.0; Win64; x64) AppleWebKit/537.36 (KHTML, like Gecko) Chrome/80.0.3987.149 Safari/537.36"
::1 - - [24/Mar/2020:16:42:55 +0000] "GET /js/main.js HTTP/1.1" 304 - "http://localhost:3030/cart" "Mozilla/5.0 (Windows NT 10.0; Win64; x64) AppleWebKit/537.36 (KHTML, like Gecko) Chrome/80.0.3987.149 Safari/537.36"
::1 - - [24/Mar/2020:16:42:56 +0000] "GET /css/form.css HTTP/1.1" 404 - "http://localhost:3030/cart" "Mozilla/5.0 (Windows NT 10.0; Win64; x64) AppleWebKit/537.36 (KHTML, like Gecko) Chrome/80.0.3987.149 Safari/537.36"
::1 - - [24/Mar/2020:16:42:57 +0000] "GET / HTTP/1.1" 200 - "http://localhost:3030/cart" "Mozilla/5.0 (Windows NT 10.0; Win64; x64) AppleWebKit/537.36 (KHTML, like Gecko) Chrome/80.0.3987.149 Safari/537.36"
::1 - - [24/Mar/2020:16:42:57 +0000] "GET /css/main.css HTTP/1.1" 304 - "http://localhost:3030/" "Mozilla/5.0 (Windows NT 10.0; Win64; x64) AppleWebKit/537.36 (KHTML, like Gecko) Chrome/80.0.3987.149 Safari/537.36"
::1 - - [24/Mar/2020:16:42:57 +0000] "GET /css/product.css HTTP/1.1" 304 - "http://localhost:3030/" "Mozilla/5.0 (Windows NT 10.0; Win64; x64) AppleWebKit/537.36 (KHTML, like Gecko) Chrome/80.0.3987.149 Safari/537.36"
::1 - - [24/Mar/2020:16:42:57 +0000] "GET /images/function%20toISOString()%20%7B%20[native%20code]%20%7D-2018-10-04T13_17_04.751Z-boat.png HTTP/1.1" 304 - "http://localhost:3030/" "Mozilla/5.0 (Windows NT 10.0; Win64; x64) AppleWebKit/537.36 (KHTML, like Gecko) Chrome/80.0.3987.149 Safari/537.36"
::1 - - [24/Mar/2020:16:42:57 +0000] "GET /images/function%20toISOString()%20%7B%20[native%20code]%20%7D-2018-10-04T13_18_52.562Z-cup.jpg HTTP/1.1" 304 - "http://localhost:3030/" "Mozilla/5.0 (Windows NT 10.0; Win64; x64) AppleWebKit/537.36 (KHTML, like Gecko) Chrome/80.0.3987.149 Safari/537.36"
::1 - - [24/Mar/2020:16:42:57 +0000] "GET /js/main.js HTTP/1.1" 304 - "http://localhost:3030/" "Mozilla/5.0 (Windows NT 10.0; Win64; x64) AppleWebKit/537.36 (KHTML, like Gecko) Chrome/80.0.3987.149 Safari/537.36"
::1 - - [24/Mar/2020:16:43:02 +0000] "POST /logout HTTP/1.1" 302 46 "http://localhost:3030/" "Mozilla/5.0 (Windows NT 10.0; Win64; x64) AppleWebKit/537.36 (KHTML, like Gecko) Chrome/80.0.3987.149 Safari/537.36"
::1 - - [24/Mar/2020:16:43:02 +0000] "GET / HTTP/1.1" 200 - "http://localhost:3030/" "Mozilla/5.0 (Windows NT 10.0; Win64; x64) AppleWebKit/537.36 (KHTML, like Gecko) Chrome/80.0.3987.149 Safari/537.36"
::1 - - [24/Mar/2020:16:43:02 +0000] "GET /css/main.css HTTP/1.1" 304 - "http://localhost:3030/" "Mozilla/5.0 (Windows NT 10.0; Win64; x64) AppleWebKit/537.36 (KHTML, like Gecko) Chrome/80.0.3987.149 Safari/537.36"
::1 - - [24/Mar/2020:16:43:02 +0000] "GET /css/product.css HTTP/1.1" 304 - "http://localhost:3030/" "Mozilla/5.0 (Windows NT 10.0; Win64; x64) AppleWebKit/537.36 (KHTML, like Gecko) Chrome/80.0.3987.149 Safari/537.36"
::1 - - [24/Mar/2020:16:43:02 +0000] "GET /images/function%20toISOString()%20%7B%20[native%20code]%20%7D-2018-10-04T13_17_04.751Z-boat.png HTTP/1.1" 304 - "http://localhost:3030/" "Mozilla/5.0 (Windows NT 10.0; Win64; x64) AppleWebKit/537.36 (KHTML, like Gecko) Chrome/80.0.3987.149 Safari/537.36"
::1 - - [24/Mar/2020:16:43:02 +0000] "GET /images/function%20toISOString()%20%7B%20[native%20code]%20%7D-2018-10-04T13_18_52.562Z-cup.jpg HTTP/1.1" 304 - "http://localhost:3030/" "Mozilla/5.0 (Windows NT 10.0; Win64; x64) AppleWebKit/537.36 (KHTML, like Gecko) Chrome/80.0.3987.149 Safari/537.36"
::1 - - [24/Mar/2020:16:43:02 +0000] "GET /js/main.js HTTP/1.1" 304 - "http://localhost:3030/" "Mozilla/5.0 (Windows NT 10.0; Win64; x64) AppleWebKit/537.36 (KHTML, like Gecko) Chrome/80.0.3987.149 Safari/537.36"
::1 - - [24/Mar/2020:16:43:04 +0000] "GET /login HTTP/1.1" 200 - "http://localhost:3030/" "Mozilla/5.0 (Windows NT 10.0; Win64; x64) AppleWebKit/537.36 (KHTML, like Gecko) Chrome/80.0.3987.149 Safari/537.36"
::1 - - [24/Mar/2020:16:43:04 +0000] "GET /css/main.css HTTP/1.1" 304 - "http://localhost:3030/login" "Mozilla/5.0 (Windows NT 10.0; Win64; x64) AppleWebKit/537.36 (KHTML, like Gecko) Chrome/80.0.3987.149 Safari/537.36"
::1 - - [24/Mar/2020:16:43:04 +0000] "GET /css/forms.css HTTP/1.1" 304 - "http://localhost:3030/login" "Mozilla/5.0 (Windows NT 10.0; Win64; x64) AppleWebKit/537.36 (KHTML, like Gecko) Chrome/80.0.3987.149 Safari/537.36"
::1 - - [24/Mar/2020:16:43:04 +0000] "GET /css/auth.css HTTP/1.1" 304 - "http://localhost:3030/login" "Mozilla/5.0 (Windows NT 10.0; Win64; x64) AppleWebKit/537.36 (KHTML, like Gecko) Chrome/80.0.3987.149 Safari/537.36"
::1 - - [24/Mar/2020:16:43:04 +0000] "GET /js/main.js HTTP/1.1" 304 - "http://localhost:3030/login" "Mozilla/5.0 (Windows NT 10.0; Win64; x64) AppleWebKit/537.36 (KHTML, like Gecko) Chrome/80.0.3987.149 Safari/537.36"
